
=== Wed Oct  3 02:19:30 2018

Packages were changed.
Update Mode: mergeDefaultDependencies

The following packages were added:
  com.unity.analytics@3.0.9
  com.unity.purchasing@2.0.1
  com.unity.ads@2.0.8
  com.unity.textmeshpro@1.3.0
  com.unity.package-manager-ui@2.0.0-preview.7
  com.unity.collab-proxy@1.2.9
  com.unity.modules.ai@1.0.0
  com.unity.modules.animation@1.0.0
  com.unity.modules.assetbundle@1.0.0
  com.unity.modules.audio@1.0.0
  com.unity.modules.cloth@1.0.0
  com.unity.modules.director@1.0.0
  com.unity.modules.imageconversion@1.0.0
  com.unity.modules.imgui@1.0.0
  com.unity.modules.jsonserialize@1.0.0
  com.unity.modules.particlesystem@1.0.0
  com.unity.modules.physics@1.0.0
  com.unity.modules.physics2d@1.0.0
  com.unity.modules.screencapture@1.0.0
  com.unity.modules.terrain@1.0.0
  com.unity.modules.terrainphysics@1.0.0
  com.unity.modules.tilemap@1.0.0
  com.unity.modules.ui@1.0.0
  com.unity.modules.uielements@1.0.0
  com.unity.modules.umbra@1.0.0
  com.unity.modules.unityanalytics@1.0.0
  com.unity.modules.unitywebrequest@1.0.0
  com.unity.modules.unitywebrequestassetbundle@1.0.0
  com.unity.modules.unitywebrequestaudio@1.0.0
  com.unity.modules.unitywebrequesttexture@1.0.0
  com.unity.modules.unitywebrequestwww@1.0.0
  com.unity.modules.vehicles@1.0.0
  com.unity.modules.video@1.0.0
  com.unity.modules.vr@1.0.0
  com.unity.modules.wind@1.0.0
  com.unity.modules.xr@1.0.0

=== Sun Nov  4 20:18:32 2018

Packages were changed.
Update Mode: updateDependencies

The following packages were added:
  com.unity.xr.legacyinputhelpers@1.0.0
The following packages were updated:
  com.unity.package-manager-ui from version 2.0.0-preview.7 to 2.1.0-preview.1

=== Wed May 22 05:52:24 2019

Packages were changed.
Update Mode: updateDependencies

The following packages were added:
  com.unity.timeline@1.0.0
  com.unity.multiplayer-hlapi@1.0.2
The following packages were updated:
  com.unity.analytics from version 3.0.9 to 3.3.2
  com.unity.collab-proxy from version 1.2.9 to 1.2.16
  com.unity.package-manager-ui from version 2.1.0-preview.1 to 2.1.2
  com.unity.purchasing from version 2.0.1 to 2.0.6
  com.unity.textmeshpro from version 1.3.0 to 2.0.0
  com.unity.xr.legacyinputhelpers from version 1.0.0 to 2.0.2

=== Fri Nov  1 10:22:14 2019

Packages were changed.
Update Mode: updateDependencies

The following packages were added:
  com.unity.2d.tilemap@1.0.0
  com.unity.ext.nunit@1.0.0
  com.unity.test-framework@1.0.13
  com.unity.2d.sprite@1.0.0
  com.unity.ide.vscode@1.1.0
  com.unity.ide.rider@1.1.0
  com.unity.ugui@1.0.0
  com.unity.modules.androidjni@1.0.0
The following packages were updated:
  com.unity.package-manager-ui from version 2.1.2 to 2.2.0
  com.unity.textmeshpro from version 2.0.0 to 2.0.1
  com.unity.timeline from version 1.0.0 to 1.1.0

=== Wed Aug 26 20:37:55 2020

Packages were changed.
Update Mode: updateDependencies

The following packages were updated:
  com.unity.ads from version 2.0.8 to 3.4.5
  com.unity.analytics from version 3.3.2 to 3.3.5
  com.unity.ide.rider from version 1.1.0 to 1.1.4
  com.unity.ide.vscode from version 1.1.0 to 1.2.1
  com.unity.multiplayer-hlapi from version 1.0.4 to 1.0.6
  com.unity.test-framework from version 1.0.13 to 1.1.14
  com.unity.timeline from version 1.1.0 to 1.2.6
  com.unity.xr.legacyinputhelpers from version 2.0.2 to 2.1.4
The following packages were removed:
  com.unity.package-manager-ui@2.2.0

=== Mon Sep 14 14:42:21 2020

Packages were changed.
Update Mode: updateDependencies

The following packages were updated:
  com.unity.ads from version 3.4.5 to 3.4.7

=== Thu Feb  9 13:25:51 2023

Packages were changed.
Update Mode: updateDependencies

The following packages were 已添加:
  com.unity.ide.visualstudio@2.0.14
The following packages were 已更新:
  com.unity.addressables 从版本 1.18.11 到 1.19.19
  com.unity.ads 从版本 3.4.7 到 3.7.5
  com.unity.analytics 从版本 3.3.5 到 3.6.12
  com.unity.collab-proxy 从版本 1.2.16 到 1.15.15
  com.unity.ext.nunit 从版本 1.0.0 到 1.0.6
  com.unity.ide.rider 从版本 1.1.4 到 3.0.13
  com.unity.ide.vscode 从版本 1.2.1 到 1.2.5
  com.unity.purchasing 从版本 2.0.6 到 4.1.3
  com.unity.test-framework 从版本 1.1.14 到 1.1.31
  com.unity.textmeshpro 从版本 2.0.1 到 3.0.6
  com.unity.timeline 从版本 1.2.6 到 1.6.4
  com.unity.xr.legacyinputhelpers 从版本 2.1.4 到 2.1.9
  nuget.mono-cecil 从版本 0.1.6-preview 到 1.0.0
The following packages were 已移除:
  com.unity.multiplayer-hlapi@1.0.6
